ISim log file
Running: /home/jg/blueshell/raw_tree/bluetree/example_project/top_tb_isim_beh.exe -intstyle ise -gui -tclbatch isim.cmd -wdb /home/jg/blueshell/raw_tree/bluetree/example_project/top_tb_isim_beh.wdb 
ISim P.68d (signature 0xfbc00daa)
----------------------------------------------------------------------
INFO:Security:67 - XILINXD_LICENSE_FILE is set to '2100@ouse.ad.cs.york.ac.uk' in /home/jg/.flexlmrc.
INFO:Security:50 - The XILINXD_LICENSE_FILE environment variable is set to '2100@ouse.ad.cs.york.ac.uk'.
INFO:Security:52 - The LM_LICENSE_FILE environment variable is set to '1717@ouse.ad.cs.york.ac.uk'.
WARNING:Security:43 - No license file was found in the standard Xilinx license directory.
WARNING:Security:44 - Since no license file was found,
       please run the Xilinx License Configuration Manager
       (xlcm or "Manage Xilinx Licenses")
       to assist in obtaining a license.
WARNING:Security:42 - Your software subscription period has lapsed. Your current version of Xilinx tools will continue to function, but you no longer qualify for Xilinx software updates or new releases.


----------------------------------------------------------------------
This is a Full version of ISim.
Time resolution is 1 ps
# onerror resume
# wave add /
# run 1000 ns
Simulator is doing circuit initialization process.
at 0 ps, Instance /top_tb/uut/bram_inst/U0/axi_mem_module/axi_wr_fsm/ : Warning: There is an 'U'|'X'|'W'|'Z'|'-' in an arithmetic operand, the result will be 'X'(es).
at 0 ps, Instance /top_tb/uut/bram_inst/U0/axi_mem_module/axi_wr_fsm/ : Warning: CONV_INTEGER: There is an 'U'|'X'|'W'|'Z'|'-' in an arithmetic operand, and it has been converted to 0.
at 0 ps, Instance /top_tb/uut/bram_inst/U0/axi_mem_module/axi_wr_fsm/ : Warning: CONV_INTEGER: There is an 'U'|'X'|'W'|'Z'|'-' in an arithmetic operand, and it has been converted to 0.
at 0 ps, Instance /top_tb/uut/bram_inst/U0/axi_mem_module/axi_wr_fsm/axi_wr_fsm/gbeh_axi_full_sm/present_state_FSM_FFd3_In1/ : Warning: CONV_INTEGER: There is an 'U'|'X'|'W'|'Z'|'-' in an arithmetic operand, and it has been converted to 0.
at 0 ps, Instance /top_tb/uut/bram_inst/U0/axi_mem_module/axi_wr_fsm/axi_wr_fsm/gbeh_axi_full_sm/Mmux_aw_ready_c_0_2/ : Warning: CONV_INTEGER: There is an 'U'|'X'|'W'|'Z'|'-' in an arithmetic operand, and it has been converted to 0.
at 0 ps, Instance /top_tb/uut/bram_inst/U0/axi_mem_module/axi_wr_fsm/axi_wr_fsm/gbeh_axi_full_sm/Mmux_addr_en_c_0_1/ : Warning: CONV_INTEGER: There is an 'U'|'X'|'W'|'Z'|'-' in an arithmetic operand, and it has been converted to 0.
at 0 ps, Instance /top_tb/uut/bram_inst/U0/axi_mem_module/axi_wr_fsm/axi_wr_fsm/gbeh_axi_full_sm/Mmux_S_AXI_WR_EN_0_1/ : Warning: CONV_INTEGER: There is an 'U'|'X'|'W'|'Z'|'-' in an arithmetic operand, and it has been converted to 0.
at 0 ps, Instance /top_tb/uut/bram_inst/U0/axi_mem_module/axi_wr_fsm/axi_wr_fsm/gbeh_axi_full_sm/Mmux_incr_addr_c_0_1/ : Warning: CONV_INTEGER: There is an 'U'|'X'|'W'|'Z'|'-' in an arithmetic operand, and it has been converted to 0.
at 0 ps, Instance /top_tb/uut/bram_inst/U0/axi_mem_module/axi_wr_fsm/axi_wr_fsm/gbeh_axi_full_sm/Mmux_aw_ready_c_0_11/ : Warning: CONV_INTEGER: There is an 'U'|'X'|'W'|'Z'|'-' in an arithmetic operand, and it has been converted to 0.
at 0 ps, Instance /top_tb/uut/bram_inst/U0/axi_mem_module/axi_wr_fsm/axi_wr_fsm/gbeh_axi_full_sm/present_state_FSM_FFd2_In1/ : Warning: CONV_INTEGER: There is an 'U'|'X'|'W'|'Z'|'-' in an arithmetic operand, and it has been converted to 0.
at 0 ps, Instance /top_tb/uut/bram_inst/U0/axi_mem_module/axi_wr_fsm/axi_wr_fsm/gbeh_axi_full_sm/present_state_FSM_FFd2_In2/ : Warning: CONV_INTEGER: There is an 'U'|'X'|'W'|'Z'|'-' in an arithmetic operand, and it has been converted to 0.
at 0 ps, Instance /top_tb/uut/bram_inst/U0/axi_mem_module/axi_wr_fsm/axi_wr_fsm/gbeh_axi_full_sm/present_state_FSM_FFd4_In1/ : Warning: CONV_INTEGER: There is an 'U'|'X'|'W'|'Z'|'-' in an arithmetic operand, and it has been converted to 0.
at 0 ps, Instance /top_tb/uut/bram_inst/U0/axi_mem_module/axi_wr_fsm/axi_wr_fsm/gbeh_axi_full_sm/present_state_FSM_FFd4_In2/ : Warning: CONV_INTEGER: There is an 'U'|'X'|'W'|'Z'|'-' in an arithmetic operand, and it has been converted to 0.
at 0 ps, Instance /top_tb/uut/bram_inst/U0/axi_mem_module/axi_wr_fsm/axi_wr_fsm/gbeh_axi_full_sm/Mmux_w_ready_c_0_SW0/ : Warning: CONV_INTEGER: There is an 'U'|'X'|'W'|'Z'|'-' in an arithmetic operand, and it has been converted to 0.
at 0 ps, Instance /top_tb/uut/bram_inst/U0/axi_mem_module/axi_wr_fsm/axi_wr_fsm/gbeh_axi_full_sm/Mmux_w_ready_c_0_Q/ : Warning: CONV_INTEGER: There is an 'U'|'X'|'W'|'Z'|'-' in an arithmetic operand, and it has been converted to 0.
at 0 ps, Instance /top_tb/uut/bram_inst/U0/axi_mem_module/axi_wr_fsm/axi_wr_fsm/gbeh_axi_full_sm/Mmux_aw_ready_c_0_11_SW0/ : Warning: CONV_INTEGER: There is an 'U'|'X'|'W'|'Z'|'-' in an arithmetic operand, and it has been converted to 0.
at 0 ps, Instance /top_tb/uut/bram_inst/U0/axi_mem_module/axi_wr_fsm/axi_wr_fsm/gbeh_axi_full_sm/present_state_FSM_FFd1_In1/ : Warning: CONV_INTEGER: There is an 'U'|'X'|'W'|'Z'|'-' in an arithmetic operand, and it has been converted to 0.
at 0 ps, Instance /top_tb/uut/bram_inst/U0/axi_mem_module/axi_rd_sm/ : Warning: CONV_INTEGER: There is an 'U'|'X'|'W'|'Z'|'-' in an arithmetic operand, and it has been converted to 0.
at 0 ps, Instance /top_tb/uut/bram_inst/U0/axi_mem_module/axi_rd_sm/ : Warning: CONV_INTEGER: There is an 'U'|'X'|'W'|'Z'|'-' in an arithmetic operand, and it has been converted to 0.
at 0 ps, Instance /top_tb/uut/bram_inst/U0/axi_mem_module/axi_rd_sm/ : Warning: CONV_INTEGER: There is an 'U'|'X'|'W'|'Z'|'-' in an arithmetic operand, and it has been converted to 0.
at 0 ps, Instance /top_tb/uut/bram_inst/U0/axi_mem_module/axi_rd_sm/axi_read_fsm/S_AXI_RREADY_gaxi_full_sm_r_valid_r_OR_9_o1/ : Warning: CONV_INTEGER: There is an 'U'|'X'|'W'|'Z'|'-' in an arithmetic operand, and it has been converted to 0.
at 0 ps, Instance /top_tb/uut/bram_inst/U0/axi_mem_module/axi_rd_sm/axi_read_fsm/Mmux_S_AXI_SINGLE_TRANS11/ : Warning: CONV_INTEGER: There is an 'U'|'X'|'W'|'Z'|'-' in an arithmetic operand, and it has been converted to 0.
at 0 ps, Instance /top_tb/uut/bram_inst/U0/axi_mem_module/axi_rd_sm/axi_read_fsm/Mmux_S_AXI_ADDR_EN11/ : Warning: CONV_INTEGER: There is an 'U'|'X'|'W'|'Z'|'-' in an arithmetic operand, and it has been converted to 0.
at 0 ps, Instance /top_tb/uut/bram_inst/U0/axi_mem_module/axi_rd_sm/axi_read_fsm/present_state_FSM_FFd2_In1/ : Warning: CONV_INTEGER: There is an 'U'|'X'|'W'|'Z'|'-' in an arithmetic operand, and it has been converted to 0.
at 0 ps, Instance /top_tb/uut/bram_inst/U0/axi_mem_module/axi_rd_sm/axi_read_fsm/Mmux_S_AXI_R_LAST131/ : Warning: CONV_INTEGER: There is an 'U'|'X'|'W'|'Z'|'-' in an arithmetic operand, and it has been converted to 0.
at 0 ps, Instance /top_tb/uut/bram_inst/U0/axi_mem_module/axi_rd_sm/axi_read_fsm/Mmux_S_AXI_INCR_ADDR11/ : Warning: CONV_INTEGER: There is an 'U'|'X'|'W'|'Z'|'-' in an arithmetic operand, and it has been converted to 0.
at 0 ps, Instance /top_tb/uut/bram_inst/U0/axi_mem_module/axi_rd_sm/axi_read_fsm/S_AXI_ARLEN_7_GND_8_o_equal_1_o_7_SW0/ : Warning: CONV_INTEGER: There is an 'U'|'X'|'W'|'Z'|'-' in an arithmetic operand, and it has been converted to 0.
at 0 ps, Instance /top_tb/uut/bram_inst/U0/axi_mem_module/axi_rd_sm/axi_read_fsm/S_AXI_ARLEN_7_GND_8_o_equal_1_o_7_Q/ : Warning: CONV_INTEGER: There is an 'U'|'X'|'W'|'Z'|'-' in an arithmetic operand, and it has been converted to 0.
at 0 ps, Instance /top_tb/uut/bram_inst/U0/axi_mem_module/axi_rd_sm/axi_read_fsm/Mmux_gaxi_full_sm_outstanding_read_c1_SW0/ : Warning: CONV_INTEGER: There is an 'U'|'X'|'W'|'Z'|'-' in an arithmetic operand, and it has been converted to 0.
at 0 ps, Instance /top_tb/uut/bram_inst/U0/axi_mem_module/axi_rd_sm/axi_read_fsm/Mmux_gaxi_full_sm_outstanding_read_c1/ : Warning: CONV_INTEGER: There is an 'U'|'X'|'W'|'Z'|'-' in an arithmetic operand, and it has been converted to 0.
at 0 ps, Instance /top_tb/uut/bram_inst/U0/axi_mem_module/axi_rd_sm/axi_read_fsm/Mmux_gaxi_full_sm_ar_ready_c12/ : Warning: CONV_INTEGER: There is an 'U'|'X'|'W'|'Z'|'-' in an arithmetic operand, and it has been converted to 0.
at 0 ps, Instance /top_tb/uut/bram_inst/U0/axi_mem_module/axi_rd_sm/axi_read_fsm/Mmux_S_AXI_R_LAST11_SW0/ : Warning: CONV_INTEGER: There is an 'U'|'X'|'W'|'Z'|'-' in an arithmetic operand, and it has been converted to 0.
at 0 ps, Instance /top_tb/uut/bram_inst/U0/axi_mem_module/axi_rd_sm/axi_read_fsm/Mmux_S_AXI_R_LAST11/ : Warning: CONV_INTEGER: There is an 'U'|'X'|'W'|'Z'|'-' in an arithmetic operand, and it has been converted to 0.
at 0 ps, Instance /top_tb/uut/bram_inst/U0/axi_mem_module/axi_rd_sm/axi_read_fsm/S_AXI_MUX_SEL1/ : Warning: CONV_INTEGER: There is an 'U'|'X'|'W'|'Z'|'-' in an arithmetic operand, and it has been converted to 0.
at 0 ps, Instance /top_tb/uut/bram_inst/U0/axi_mem_module/axi_rd_sm/axi_read_fsm/Mmux_S_AXI_RD_EN11/ : Warning: CONV_INTEGER: There is an 'U'|'X'|'W'|'Z'|'-' in an arithmetic operand, and it has been converted to 0.
at 0 ps, Instance /top_tb/uut/bram_inst/U0/axi_mem_module/axi_rd_sm/axi_read_fsm/present_state_FSM_FFd1_In3_F/ : Warning: CONV_INTEGER: There is an 'U'|'X'|'W'|'Z'|'-' in an arithmetic operand, and it has been converted to 0.
at 0 ps, Instance /top_tb/uut/bram_inst/U0/axi_mem_module/axi_rd_sm/axi_read_fsm/present_state_FSM_FFd1_In3_G/ : Warning: CONV_INTEGER: There is an 'U'|'X'|'W'|'Z'|'-' in an arithmetic operand, and it has been converted to 0.
at 0 ps, Instance /top_tb/uut/bram_inst/U0/axi_mem_module/axi_rd_sm/axi_read_fsm/Mmux_gaxi_full_sm_ar_ready_c14_F/ : Warning: CONV_INTEGER: There is an 'U'|'X'|'W'|'Z'|'-' in an arithmetic operand, and it has been converted to 0.
at 0 ps, Instance /top_tb/uut/bram_inst/U0/axi_mem_module/axi_rd_sm/axi_read_fsm/Mmux_gaxi_full_sm_ar_ready_c14_G/ : Warning: CONV_INTEGER: There is an 'U'|'X'|'W'|'Z'|'-' in an arithmetic operand, and it has been converted to 0.
at 0 ps, Instance /top_tb/uut/bram_inst/U0/axi_mem_module/axi_rd_sm/axi_read_fsm/Mmux_S_AXI_R_LAST1_F/ : Warning: CONV_INTEGER: There is an 'U'|'X'|'W'|'Z'|'-' in an arithmetic operand, and it has been converted to 0.
at 0 ps, Instance /top_tb/uut/bram_inst/U0/axi_mem_module/axi_rd_sm/axi_read_fsm/Mmux_S_AXI_R_LAST1_G/ : Warning: CONV_INTEGER: There is an 'U'|'X'|'W'|'Z'|'-' in an arithmetic operand, and it has been converted to 0.
Finished circuit initialization process.
at 0 ps, Instance /top_tb/uut/bram_inst/U0/axi_mem_module/axi_rd_sm/axi_read_fsm/present_state_FSM_FFd2_In1/ : Warning: CONV_INTEGER: There is an 'U'|'X'|'W'|'Z'|'-' in an arithmetic operand, and it has been converted to 0.
at 0 ps, Instance /top_tb/uut/bram_inst/U0/axi_mem_module/axi_rd_sm/axi_read_fsm/Mmux_S_AXI_R_LAST131/ : Warning: CONV_INTEGER: There is an 'U'|'X'|'W'|'Z'|'-' in an arithmetic operand, and it has been converted to 0.
at 0 ps, Instance /top_tb/uut/bram_inst/U0/axi_mem_module/axi_rd_sm/axi_read_fsm/Mmux_gaxi_full_sm_ar_ready_c12/ : Warning: CONV_INTEGER: There is an 'U'|'X'|'W'|'Z'|'-' in an arithmetic operand, and it has been converted to 0.
at 0 ps, Instance /top_tb/uut/bram_inst/U0/axi_mem_module/axi_rd_sm/axi_read_fsm/Mmux_S_AXI_RD_EN11/ : Warning: CONV_INTEGER: There is an 'U'|'X'|'W'|'Z'|'-' in an arithmetic operand, and it has been converted to 0.
at 0 ps, Instance /top_tb/uut/bram_inst/U0/axi_mem_module/axi_rd_sm/axi_read_fsm/present_state_FSM_FFd1_In3_F/ : Warning: CONV_INTEGER: There is an 'U'|'X'|'W'|'Z'|'-' in an arithmetic operand, and it has been converted to 0.
at 0 ps, Instance /top_tb/uut/bram_inst/U0/axi_mem_module/axi_rd_sm/axi_read_fsm/Mmux_S_AXI_R_LAST1_F/ : Warning: CONV_INTEGER: There is an 'U'|'X'|'W'|'Z'|'-' in an arithmetic operand, and it has been converted to 0.
at 0 ps, Instance /top_tb/uut/bram_inst/U0/axi_mem_module/axi_rd_sm/axi_read_fsm/S_AXI_RREADY_gaxi_full_sm_r_valid_r_OR_9_o1/ : Warning: CONV_INTEGER: There is an 'U'|'X'|'W'|'Z'|'-' in an arithmetic operand, and it has been converted to 0.
at 0 ps, Instance /top_tb/uut/bram_inst/U0/axi_mem_module/axi_rd_sm/axi_read_fsm/Mmux_gaxi_full_sm_outstanding_read_c1/ : Warning: CONV_INTEGER: There is an 'U'|'X'|'W'|'Z'|'-' in an arithmetic operand, and it has been converted to 0.
at 0 ps, Instance /top_tb/uut/bram_inst/U0/axi_mem_module/axi_rd_sm/axi_read_fsm/Mmux_S_AXI_R_LAST11_SW0/ : Warning: CONV_INTEGER: There is an 'U'|'X'|'W'|'Z'|'-' in an arithmetic operand, and it has been converted to 0.
at 0 ps, Instance /top_tb/uut/bram_inst/U0/axi_mem_module/axi_rd_sm/axi_read_fsm/S_AXI_MUX_SEL1/ : Warning: CONV_INTEGER: There is an 'U'|'X'|'W'|'Z'|'-' in an arithmetic operand, and it has been converted to 0.
at 0 ps, Instance /top_tb/uut/bram_inst/U0/axi_mem_module/axi_rd_sm/axi_read_fsm/present_state_FSM_FFd1_In3_G/ : Warning: CONV_INTEGER: There is an 'U'|'X'|'W'|'Z'|'-' in an arithmetic operand, and it has been converted to 0.
at 0 ps, Instance /top_tb/uut/bram_inst/U0/axi_mem_module/axi_rd_sm/axi_read_fsm/Mmux_gaxi_full_sm_ar_ready_c14_F/ : Warning: CONV_INTEGER: There is an 'U'|'X'|'W'|'Z'|'-' in an arithmetic operand, and it has been converted to 0.
at 0 ps, Instance /top_tb/uut/bram_inst/U0/axi_mem_module/axi_rd_sm/axi_read_fsm/Mmux_gaxi_full_sm_ar_ready_c14_G/ : Warning: CONV_INTEGER: There is an 'U'|'X'|'W'|'Z'|'-' in an arithmetic operand, and it has been converted to 0.
at 0 ps, Instance /top_tb/uut/bram_inst/U0/axi_mem_module/axi_rd_sm/axi_read_fsm/Mmux_S_AXI_R_LAST1_G/ : Warning: CONV_INTEGER: There is an 'U'|'X'|'W'|'Z'|'-' in an arithmetic operand, and it has been converted to 0.
at 0 ps, Instance /top_tb/uut/bram_inst/U0/axi_mem_module/axi_rd_sm/ : Warning: CONV_INTEGER: There is an 'U'|'X'|'W'|'Z'|'-' in an arithmetic operand, and it has been converted to 0.
# restart
# run all
Simulator is doing circuit initialization process.
at 0 ps, Instance /top_tb/uut/bram_inst/U0/axi_mem_module/axi_wr_fsm/ : Warning: CONV_INTEGER: There is an 'U'|'X'|'W'|'Z'|'-' in an arithmetic operand, and it has been converted to 0.
at 0 ps, Instance /top_tb/uut/bram_inst/U0/axi_mem_module/axi_wr_fsm/ : Warning: CONV_INTEGER: There is an 'U'|'X'|'W'|'Z'|'-' in an arithmetic operand, and it has been converted to 0.
at 0 ps, Instance /top_tb/uut/bram_inst/U0/axi_mem_module/axi_wr_fsm/axi_wr_fsm/gbeh_axi_full_sm/present_state_FSM_FFd3_In1/ : Warning: CONV_INTEGER: There is an 'U'|'X'|'W'|'Z'|'-' in an arithmetic operand, and it has been converted to 0.
at 0 ps, Instance /top_tb/uut/bram_inst/U0/axi_mem_module/axi_wr_fsm/axi_wr_fsm/gbeh_axi_full_sm/Mmux_aw_ready_c_0_2/ : Warning: CONV_INTEGER: There is an 'U'|'X'|'W'|'Z'|'-' in an arithmetic operand, and it has been converted to 0.
at 0 ps, Instance /top_tb/uut/bram_inst/U0/axi_mem_module/axi_wr_fsm/axi_wr_fsm/gbeh_axi_full_sm/Mmux_addr_en_c_0_1/ : Warning: CONV_INTEGER: There is an 'U'|'X'|'W'|'Z'|'-' in an arithmetic operand, and it has been converted to 0.
at 0 ps, Instance /top_tb/uut/bram_inst/U0/axi_mem_module/axi_wr_fsm/axi_wr_fsm/gbeh_axi_full_sm/Mmux_S_AXI_WR_EN_0_1/ : Warning: CONV_INTEGER: There is an 'U'|'X'|'W'|'Z'|'-' in an arithmetic operand, and it has been converted to 0.
at 0 ps, Instance /top_tb/uut/bram_inst/U0/axi_mem_module/axi_wr_fsm/axi_wr_fsm/gbeh_axi_full_sm/Mmux_incr_addr_c_0_1/ : Warning: CONV_INTEGER: There is an 'U'|'X'|'W'|'Z'|'-' in an arithmetic operand, and it has been converted to 0.
at 0 ps, Instance /top_tb/uut/bram_inst/U0/axi_mem_module/axi_wr_fsm/axi_wr_fsm/gbeh_axi_full_sm/Mmux_aw_ready_c_0_11/ : Warning: CONV_INTEGER: There is an 'U'|'X'|'W'|'Z'|'-' in an arithmetic operand, and it has been converted to 0.
at 0 ps, Instance /top_tb/uut/bram_inst/U0/axi_mem_module/axi_wr_fsm/axi_wr_fsm/gbeh_axi_full_sm/present_state_FSM_FFd2_In1/ : Warning: CONV_INTEGER: There is an 'U'|'X'|'W'|'Z'|'-' in an arithmetic operand, and it has been converted to 0.
at 0 ps, Instance /top_tb/uut/bram_inst/U0/axi_mem_module/axi_wr_fsm/axi_wr_fsm/gbeh_axi_full_sm/present_state_FSM_FFd2_In2/ : Warning: CONV_INTEGER: There is an 'U'|'X'|'W'|'Z'|'-' in an arithmetic operand, and it has been converted to 0.
at 0 ps, Instance /top_tb/uut/bram_inst/U0/axi_mem_module/axi_wr_fsm/axi_wr_fsm/gbeh_axi_full_sm/present_state_FSM_FFd4_In1/ : Warning: CONV_INTEGER: There is an 'U'|'X'|'W'|'Z'|'-' in an arithmetic operand, and it has been converted to 0.
at 0 ps, Instance /top_tb/uut/bram_inst/U0/axi_mem_module/axi_wr_fsm/axi_wr_fsm/gbeh_axi_full_sm/present_state_FSM_FFd4_In2/ : Warning: CONV_INTEGER: There is an 'U'|'X'|'W'|'Z'|'-' in an arithmetic operand, and it has been converted to 0.
at 0 ps, Instance /top_tb/uut/bram_inst/U0/axi_mem_module/axi_wr_fsm/axi_wr_fsm/gbeh_axi_full_sm/Mmux_w_ready_c_0_SW0/ : Warning: CONV_INTEGER: There is an 'U'|'X'|'W'|'Z'|'-' in an arithmetic operand, and it has been converted to 0.
at 0 ps, Instance /top_tb/uut/bram_inst/U0/axi_mem_module/axi_wr_fsm/axi_wr_fsm/gbeh_axi_full_sm/Mmux_w_ready_c_0_Q/ : Warning: CONV_INTEGER: There is an 'U'|'X'|'W'|'Z'|'-' in an arithmetic operand, and it has been converted to 0.
at 0 ps, Instance /top_tb/uut/bram_inst/U0/axi_mem_module/axi_wr_fsm/axi_wr_fsm/gbeh_axi_full_sm/Mmux_aw_ready_c_0_11_SW0/ : Warning: CONV_INTEGER: There is an 'U'|'X'|'W'|'Z'|'-' in an arithmetic operand, and it has been converted to 0.
at 0 ps, Instance /top_tb/uut/bram_inst/U0/axi_mem_module/axi_wr_fsm/axi_wr_fsm/gbeh_axi_full_sm/present_state_FSM_FFd1_In1/ : Warning: CONV_INTEGER: There is an 'U'|'X'|'W'|'Z'|'-' in an arithmetic operand, and it has been converted to 0.
at 0 ps, Instance /top_tb/uut/bram_inst/U0/axi_mem_module/axi_rd_sm/ : Warning: CONV_INTEGER: There is an 'U'|'X'|'W'|'Z'|'-' in an arithmetic operand, and it has been converted to 0.
at 0 ps, Instance /top_tb/uut/bram_inst/U0/axi_mem_module/axi_rd_sm/ : Warning: CONV_INTEGER: There is an 'U'|'X'|'W'|'Z'|'-' in an arithmetic operand, and it has been converted to 0.
at 0 ps, Instance /top_tb/uut/bram_inst/U0/axi_mem_module/axi_rd_sm/ : Warning: CONV_INTEGER: There is an 'U'|'X'|'W'|'Z'|'-' in an arithmetic operand, and it has been converted to 0.
at 0 ps, Instance /top_tb/uut/bram_inst/U0/axi_mem_module/axi_rd_sm/axi_read_fsm/S_AXI_RREADY_gaxi_full_sm_r_valid_r_OR_9_o1/ : Warning: CONV_INTEGER: There is an 'U'|'X'|'W'|'Z'|'-' in an arithmetic operand, and it has been converted to 0.
at 0 ps, Instance /top_tb/uut/bram_inst/U0/axi_mem_module/axi_rd_sm/axi_read_fsm/Mmux_S_AXI_SINGLE_TRANS11/ : Warning: CONV_INTEGER: There is an 'U'|'X'|'W'|'Z'|'-' in an arithmetic operand, and it has been converted to 0.
at 0 ps, Instance /top_tb/uut/bram_inst/U0/axi_mem_module/axi_rd_sm/axi_read_fsm/Mmux_S_AXI_ADDR_EN11/ : Warning: CONV_INTEGER: There is an 'U'|'X'|'W'|'Z'|'-' in an arithmetic operand, and it has been converted to 0.
at 0 ps, Instance /top_tb/uut/bram_inst/U0/axi_mem_module/axi_rd_sm/axi_read_fsm/present_state_FSM_FFd2_In1/ : Warning: CONV_INTEGER: There is an 'U'|'X'|'W'|'Z'|'-' in an arithmetic operand, and it has been converted to 0.
at 0 ps, Instance /top_tb/uut/bram_inst/U0/axi_mem_module/axi_rd_sm/axi_read_fsm/Mmux_S_AXI_R_LAST131/ : Warning: CONV_INTEGER: There is an 'U'|'X'|'W'|'Z'|'-' in an arithmetic operand, and it has been converted to 0.
at 0 ps, Instance /top_tb/uut/bram_inst/U0/axi_mem_module/axi_rd_sm/axi_read_fsm/Mmux_S_AXI_INCR_ADDR11/ : Warning: CONV_INTEGER: There is an 'U'|'X'|'W'|'Z'|'-' in an arithmetic operand, and it has been converted to 0.
at 0 ps, Instance /top_tb/uut/bram_inst/U0/axi_mem_module/axi_rd_sm/axi_read_fsm/S_AXI_ARLEN_7_GND_8_o_equal_1_o_7_SW0/ : Warning: CONV_INTEGER: There is an 'U'|'X'|'W'|'Z'|'-' in an arithmetic operand, and it has been converted to 0.
at 0 ps, Instance /top_tb/uut/bram_inst/U0/axi_mem_module/axi_rd_sm/axi_read_fsm/S_AXI_ARLEN_7_GND_8_o_equal_1_o_7_Q/ : Warning: CONV_INTEGER: There is an 'U'|'X'|'W'|'Z'|'-' in an arithmetic operand, and it has been converted to 0.
at 0 ps, Instance /top_tb/uut/bram_inst/U0/axi_mem_module/axi_rd_sm/axi_read_fsm/Mmux_gaxi_full_sm_outstanding_read_c1_SW0/ : Warning: CONV_INTEGER: There is an 'U'|'X'|'W'|'Z'|'-' in an arithmetic operand, and it has been converted to 0.
at 0 ps, Instance /top_tb/uut/bram_inst/U0/axi_mem_module/axi_rd_sm/axi_read_fsm/Mmux_gaxi_full_sm_outstanding_read_c1/ : Warning: CONV_INTEGER: There is an 'U'|'X'|'W'|'Z'|'-' in an arithmetic operand, and it has been converted to 0.
at 0 ps, Instance /top_tb/uut/bram_inst/U0/axi_mem_module/axi_rd_sm/axi_read_fsm/Mmux_gaxi_full_sm_ar_ready_c12/ : Warning: CONV_INTEGER: There is an 'U'|'X'|'W'|'Z'|'-' in an arithmetic operand, and it has been converted to 0.
at 0 ps, Instance /top_tb/uut/bram_inst/U0/axi_mem_module/axi_rd_sm/axi_read_fsm/Mmux_S_AXI_R_LAST11_SW0/ : Warning: CONV_INTEGER: There is an 'U'|'X'|'W'|'Z'|'-' in an arithmetic operand, and it has been converted to 0.
at 0 ps, Instance /top_tb/uut/bram_inst/U0/axi_mem_module/axi_rd_sm/axi_read_fsm/Mmux_S_AXI_R_LAST11/ : Warning: CONV_INTEGER: There is an 'U'|'X'|'W'|'Z'|'-' in an arithmetic operand, and it has been converted to 0.
at 0 ps, Instance /top_tb/uut/bram_inst/U0/axi_mem_module/axi_rd_sm/axi_read_fsm/S_AXI_MUX_SEL1/ : Warning: CONV_INTEGER: There is an 'U'|'X'|'W'|'Z'|'-' in an arithmetic operand, and it has been converted to 0.
at 0 ps, Instance /top_tb/uut/bram_inst/U0/axi_mem_module/axi_rd_sm/axi_read_fsm/Mmux_S_AXI_RD_EN11/ : Warning: CONV_INTEGER: There is an 'U'|'X'|'W'|'Z'|'-' in an arithmetic operand, and it has been converted to 0.
at 0 ps, Instance /top_tb/uut/bram_inst/U0/axi_mem_module/axi_rd_sm/axi_read_fsm/present_state_FSM_FFd1_In3_F/ : Warning: CONV_INTEGER: There is an 'U'|'X'|'W'|'Z'|'-' in an arithmetic operand, and it has been converted to 0.
at 0 ps, Instance /top_tb/uut/bram_inst/U0/axi_mem_module/axi_rd_sm/axi_read_fsm/present_state_FSM_FFd1_In3_G/ : Warning: CONV_INTEGER: There is an 'U'|'X'|'W'|'Z'|'-' in an arithmetic operand, and it has been converted to 0.
at 0 ps, Instance /top_tb/uut/bram_inst/U0/axi_mem_module/axi_rd_sm/axi_read_fsm/Mmux_gaxi_full_sm_ar_ready_c14_F/ : Warning: CONV_INTEGER: There is an 'U'|'X'|'W'|'Z'|'-' in an arithmetic operand, and it has been converted to 0.
at 0 ps, Instance /top_tb/uut/bram_inst/U0/axi_mem_module/axi_rd_sm/axi_read_fsm/Mmux_gaxi_full_sm_ar_ready_c14_G/ : Warning: CONV_INTEGER: There is an 'U'|'X'|'W'|'Z'|'-' in an arithmetic operand, and it has been converted to 0.
at 0 ps, Instance /top_tb/uut/bram_inst/U0/axi_mem_module/axi_rd_sm/axi_read_fsm/Mmux_S_AXI_R_LAST1_F/ : Warning: CONV_INTEGER: There is an 'U'|'X'|'W'|'Z'|'-' in an arithmetic operand, and it has been converted to 0.
at 0 ps, Instance /top_tb/uut/bram_inst/U0/axi_mem_module/axi_rd_sm/axi_read_fsm/Mmux_S_AXI_R_LAST1_G/ : Warning: CONV_INTEGER: There is an 'U'|'X'|'W'|'Z'|'-' in an arithmetic operand, and it has been converted to 0.
Finished circuit initialization process.
at 0 ps, Instance /top_tb/uut/bram_inst/U0/axi_mem_module/axi_rd_sm/axi_read_fsm/present_state_FSM_FFd2_In1/ : Warning: CONV_INTEGER: There is an 'U'|'X'|'W'|'Z'|'-' in an arithmetic operand, and it has been converted to 0.
at 0 ps, Instance /top_tb/uut/bram_inst/U0/axi_mem_module/axi_rd_sm/axi_read_fsm/Mmux_S_AXI_R_LAST131/ : Warning: CONV_INTEGER: There is an 'U'|'X'|'W'|'Z'|'-' in an arithmetic operand, and it has been converted to 0.
at 0 ps, Instance /top_tb/uut/bram_inst/U0/axi_mem_module/axi_rd_sm/axi_read_fsm/Mmux_gaxi_full_sm_ar_ready_c12/ : Warning: CONV_INTEGER: There is an 'U'|'X'|'W'|'Z'|'-' in an arithmetic operand, and it has been converted to 0.
at 0 ps, Instance /top_tb/uut/bram_inst/U0/axi_mem_module/axi_rd_sm/axi_read_fsm/Mmux_S_AXI_RD_EN11/ : Warning: CONV_INTEGER: There is an 'U'|'X'|'W'|'Z'|'-' in an arithmetic operand, and it has been converted to 0.
at 0 ps, Instance /top_tb/uut/bram_inst/U0/axi_mem_module/axi_rd_sm/axi_read_fsm/present_state_FSM_FFd1_In3_F/ : Warning: CONV_INTEGER: There is an 'U'|'X'|'W'|'Z'|'-' in an arithmetic operand, and it has been converted to 0.
at 0 ps, Instance /top_tb/uut/bram_inst/U0/axi_mem_module/axi_rd_sm/axi_read_fsm/Mmux_S_AXI_R_LAST1_F/ : Warning: CONV_INTEGER: There is an 'U'|'X'|'W'|'Z'|'-' in an arithmetic operand, and it has been converted to 0.
at 0 ps, Instance /top_tb/uut/bram_inst/U0/axi_mem_module/axi_rd_sm/axi_read_fsm/S_AXI_RREADY_gaxi_full_sm_r_valid_r_OR_9_o1/ : Warning: CONV_INTEGER: There is an 'U'|'X'|'W'|'Z'|'-' in an arithmetic operand, and it has been converted to 0.
at 0 ps, Instance /top_tb/uut/bram_inst/U0/axi_mem_module/axi_rd_sm/axi_read_fsm/Mmux_gaxi_full_sm_outstanding_read_c1/ : Warning: CONV_INTEGER: There is an 'U'|'X'|'W'|'Z'|'-' in an arithmetic operand, and it has been converted to 0.
at 0 ps, Instance /top_tb/uut/bram_inst/U0/axi_mem_module/axi_rd_sm/axi_read_fsm/Mmux_S_AXI_R_LAST11_SW0/ : Warning: CONV_INTEGER: There is an 'U'|'X'|'W'|'Z'|'-' in an arithmetic operand, and it has been converted to 0.
at 0 ps, Instance /top_tb/uut/bram_inst/U0/axi_mem_module/axi_rd_sm/axi_read_fsm/S_AXI_MUX_SEL1/ : Warning: CONV_INTEGER: There is an 'U'|'X'|'W'|'Z'|'-' in an arithmetic operand, and it has been converted to 0.
at 0 ps, Instance /top_tb/uut/bram_inst/U0/axi_mem_module/axi_rd_sm/axi_read_fsm/present_state_FSM_FFd1_In3_G/ : Warning: CONV_INTEGER: There is an 'U'|'X'|'W'|'Z'|'-' in an arithmetic operand, and it has been converted to 0.
at 0 ps, Instance /top_tb/uut/bram_inst/U0/axi_mem_module/axi_rd_sm/axi_read_fsm/Mmux_gaxi_full_sm_ar_ready_c14_F/ : Warning: CONV_INTEGER: There is an 'U'|'X'|'W'|'Z'|'-' in an arithmetic operand, and it has been converted to 0.
at 0 ps, Instance /top_tb/uut/bram_inst/U0/axi_mem_module/axi_rd_sm/axi_read_fsm/Mmux_gaxi_full_sm_ar_ready_c14_G/ : Warning: CONV_INTEGER: There is an 'U'|'X'|'W'|'Z'|'-' in an arithmetic operand, and it has been converted to 0.
at 0 ps, Instance /top_tb/uut/bram_inst/U0/axi_mem_module/axi_rd_sm/axi_read_fsm/Mmux_S_AXI_R_LAST1_G/ : Warning: CONV_INTEGER: There is an 'U'|'X'|'W'|'Z'|'-' in an arithmetic operand, and it has been converted to 0.
at 0 ps, Instance /top_tb/uut/bram_inst/U0/axi_mem_module/axi_rd_sm/ : Warning: CONV_INTEGER: There is an 'U'|'X'|'W'|'Z'|'-' in an arithmetic operand, and it has been converted to 0.
Stopped at time : 226750 ns : File "/home/jg/blueshell/raw_tree/bluetree/Patmos.v" Line 4471
# run all
Start write to address 0x0000000 D 0x00000000000000000000000000000000 BEN 0x0000
Continue write, D 0x00000000000000000000000000000000, BEN 0x0000
Continue write, D 0x00000043000000000000000000000000, BEN 0xf000
Continue write, D 0x00000000000000430000000000000000, BEN 0x0f00
Write complete, dispatching
AxiConn ts                32060 start_write                  1235931852938539958272  3840          0
at 642230 ns(1): Note: Block Memory Generator CORE Generator module is using a behavioral model FOR simulation which will not precisely model memory collision behavior. (/top_tb/uut/bram_inst/U0/axi_mem_module/mem_module/).
AxiConn ts                32064 write_complete
Start write to address 0x0000000 D 0x00000000000000000000000000000000 BEN 0x0000
Continue write, D 0x00000000000000000000000000000000, BEN 0x0000
Continue write, D 0x00000000000000000000000000000000, BEN 0x0000
Continue write, D 0x00000044000000000000000000000000, BEN 0xf000
Write complete, dispatching
AxiConn ts                48108 start_write         5387515050969974956360988622848 61440          0
AxiConn ts                48112 write_complete
Stopped at time : 1040990 ns : File "/home/jg/blueshell/raw_tree/bluetree/FIFO2.v" Line 115
# exit 0
